0 info it worked if it ends with ok
1 verbose cli [ 'node',
1 verbose cli   '/Users/Dannie/.nvm/versions/node/v0.12.12/bin/npm',
1 verbose cli   'start' ]
2 info using npm@1.3.26
3 info using node@v0.12.12
4 verbose run-script [ 'prestart', 'start', 'poststart' ]
5 info prestart angular-quickstart@1.0.0
6 info start angular-quickstart@1.0.0
7 verbose unsafe-perm in lifecycle true
8 info angular-quickstart@1.0.0 Failed to exec start script
9 error angular-quickstart@1.0.0 start: `tsc && concurrently "tsc -w" "lite-server" `
9 error Exit status 2
10 error Failed at the angular-quickstart@1.0.0 start script.
10 error This is most likely a problem with the angular-quickstart package,
10 error not with npm itself.
10 error Tell the author that this fails on your system:
10 error     tsc && concurrently "tsc -w" "lite-server"
10 error You can get their info via:
10 error     npm owner ls angular-quickstart
10 error There is likely additional logging output above.
11 error System Darwin 15.4.0
12 error command "node" "/Users/Dannie/.nvm/versions/node/v0.12.12/bin/npm" "start"
13 error cwd /Users/Dannie/Desktop/contenful
14 error node -v v0.12.12
15 error npm -v 1.3.26
16 error code ELIFECYCLE
17 verbose exit [ 1, true ]
